0 info it worked if it ends with ok
1 verbose cli [ '/home/ubuntu/.nvm/v0.10.33/bin/node',
1 verbose cli   '/home/ubuntu/.nvm/v0.10.33/bin/npm',
1 verbose cli   'install',
1 verbose cli   '--save',
1 verbose cli   'sylus' ]
2 info using npm@1.4.28
3 info using node@v0.10.33
4 warn package.json workspace@0.0.1 No repository field.
5 verbose readDependencies using package.json deps
6 verbose cache add [ 'sylus', null ]
7 verbose cache add name=undefined spec="sylus" args=["sylus",null]
8 verbose parsed url { protocol: null,
8 verbose parsed url   slashes: null,
8 verbose parsed url   auth: null,
8 verbose parsed url   host: null,
8 verbose parsed url   port: null,
8 verbose parsed url   hostname: null,
8 verbose parsed url   hash: null,
8 verbose parsed url   search: null,
8 verbose parsed url   query: null,
8 verbose parsed url   pathname: 'sylus',
8 verbose parsed url   path: 'sylus',
8 verbose parsed url   href: 'sylus' }
9 silly lockFile 20d55dda-sylus sylus
10 verbose lock sylus /home/ubuntu/.npm/20d55dda-sylus.lock
11 silly lockFile 20d55dda-sylus sylus
12 silly lockFile 20d55dda-sylus sylus
13 verbose addNamed [ 'sylus', '' ]
14 verbose addNamed [ null, '*' ]
15 silly lockFile 8cb75522-sylus sylus@
16 verbose lock sylus@ /home/ubuntu/.npm/8cb75522-sylus.lock
17 silly addNameRange { name: 'sylus', range: '*', hasData: false }
18 verbose request where is /sylus
19 verbose request registry https://registry.npmjs.org/
20 verbose request id 894efe4545b4c479
21 verbose url raw /sylus
22 verbose url resolving [ 'https://registry.npmjs.org/', './sylus' ]
23 verbose url resolved https://registry.npmjs.org/sylus
24 verbose request where is https://registry.npmjs.org/sylus
25 info trying registry request attempt 1 at 17:04:28
26 http GET https://registry.npmjs.org/sylus
27 http 404 https://registry.npmjs.org/sylus
28 verbose headers { date: 'Thu, 01 Jan 2015 17:04:28 GMT',
28 verbose headers   server: 'CouchDB/1.5.0 (Erlang OTP/R16B03)',
28 verbose headers   'content-type': 'application/json',
28 verbose headers   'cache-control': 'max-age=0',
28 verbose headers   'content-length': '52',
28 verbose headers   'accept-ranges': 'bytes',
28 verbose headers   via: '1.1 varnish',
28 verbose headers   age: '0',
28 verbose headers   'x-served-by': 'cache-lhr6329-LHR',
28 verbose headers   'x-cache': 'MISS',
28 verbose headers   'x-cache-hits': '0',
28 verbose headers   'x-timer': 'S1420131868.592164,VS0,VE185',
28 verbose headers   'keep-alive': 'timeout=10, max=50',
28 verbose headers   connection: 'Keep-Alive' }
29 silly registry.get cb [ 404,
29 silly registry.get   { date: 'Thu, 01 Jan 2015 17:04:28 GMT',
29 silly registry.get     server: 'CouchDB/1.5.0 (Erlang OTP/R16B03)',
29 silly registry.get     'content-type': 'application/json',
29 silly registry.get     'cache-control': 'max-age=0',
29 silly registry.get     'content-length': '52',
29 silly registry.get     'accept-ranges': 'bytes',
29 silly registry.get     via: '1.1 varnish',
29 silly registry.get     age: '0',
29 silly registry.get     'x-served-by': 'cache-lhr6329-LHR',
29 silly registry.get     'x-cache': 'MISS',
29 silly registry.get     'x-cache-hits': '0',
29 silly registry.get     'x-timer': 'S1420131868.592164,VS0,VE185',
29 silly registry.get     'keep-alive': 'timeout=10, max=50',
29 silly registry.get     connection: 'Keep-Alive' } ]
30 silly lockFile 8cb75522-sylus sylus@
31 silly lockFile 8cb75522-sylus sylus@
32 error 404 404 Not Found: sylus
32 error 404
32 error 404 'sylus' is not in the npm registry.
32 error 404 You should bug the author to publish it
32 error 404 It was specified as a dependency of 'workspace'
32 error 404
32 error 404 Note that you can also install from a
32 error 404 tarball, folder, or http url, or git url.
33 error System Linux 3.14.13-c9
34 error command "/home/ubuntu/.nvm/v0.10.33/bin/node" "/home/ubuntu/.nvm/v0.10.33/bin/npm" "install" "--save" "sylus"
35 error cwd /home/ubuntu/workspace
36 error node -v v0.10.33
37 error npm -v 1.4.28
38 error code E404
39 verbose exit [ 1, true ]
